d:\cpp\mfcapplication1\mfcapplication1\x64\debug\mfcapplication1.pch
d:\cpp\mfcapplication1\mfcapplication1\x64\debug\vc143.pdb
d:\cpp\mfcapplication1\mfcapplication1\x64\debug\vc143.idb
d:\cpp\mfcapplication1\mfcapplication1\x64\debug\pch.obj
d:\cpp\mfcapplication1\mfcapplication1\x64\debug\viewtree.obj
d:\cpp\mfcapplication1\mfcapplication1\x64\debug\propertieswnd.obj
d:\cpp\mfcapplication1\mfcapplication1\x64\debug\outputwnd.obj
d:\cpp\mfcapplication1\mfcapplication1\x64\debug\mfcapplication1view.obj
d:\cpp\mfcapplication1\mfcapplication1\x64\debug\mfcapplication1doc.obj
d:\cpp\mfcapplication1\mfcapplication1\x64\debug\mfcapplication1.obj
d:\cpp\mfcapplication1\mfcapplication1\x64\debug\mainfrm.obj
d:\cpp\mfcapplication1\mfcapplication1\x64\debug\fileview.obj
d:\cpp\mfcapplication1\mfcapplication1\x64\debug\classview.obj
d:\cpp\mfcapplication1\mfcapplication1\x64\debug\childfrm.obj
d:\cpp\mfcapplication1\x64\debug\mfcapplication1.exe
d:\cpp\mfcapplication1\x64\debug\mfcapplication1.pdb
d:\cpp\mfcapplication1\mfcapplication1\x64\debug\mfcapplication1.ilk
d:\cpp\mfcapplication1\mfcapplication1\x64\debug\mfcapplication1.tlog\cl.command.1.tlog
d:\cpp\mfcapplication1\mfcapplication1\x64\debug\mfcapplication1.tlog\cl.items.tlog
d:\cpp\mfcapplication1\mfcapplication1\x64\debug\mfcapplication1.tlog\cl.read.1.tlog
d:\cpp\mfcapplication1\mfcapplication1\x64\debug\mfcapplication1.tlog\cl.write.1.tlog
d:\cpp\mfcapplication1\mfcapplication1\x64\debug\mfcapplication1.tlog\link.command.1.tlog
d:\cpp\mfcapplication1\mfcapplication1\x64\debug\mfcapplication1.tlog\link.read.1.tlog
d:\cpp\mfcapplication1\mfcapplication1\x64\debug\mfcapplication1.tlog\link.secondary.1.tlog
d:\cpp\mfcapplication1\mfcapplication1\x64\debug\mfcapplication1.tlog\link.write.1.tlog
d:\cpp\mfcapplication1\mfcapplication1\x64\debug\mfcapplication1.tlog\rc.command.1.tlog
d:\cpp\mfcapplication1\mfcapplication1\x64\debug\mfcapplication1.tlog\rc.read.1.tlog
d:\cpp\mfcapplication1\mfcapplication1\x64\debug\mfcapplication1.tlog\rc.write.1.tlog
